2014/03/01 12:09:01 INFO  - jmeter.util.JMeterUtils: Setting Locale to en_US 
2014/03/01 12:09:01 INFO  - jmeter.JMeter: Loading user properties from: /home/andreas/opt/apache-jmeter/apache-jmeter-2.11/bin/user.properties 
2014/03/01 12:09:01 INFO  - jmeter.JMeter: Loading system properties from: /home/andreas/opt/apache-jmeter/apache-jmeter-2.11/bin/system.properties 
2014/03/01 12:09:01 INFO  - jmeter.JMeter: Copyright (c) 1998-2014 The Apache Software Foundation 
2014/03/01 12:09:01 INFO  - jmeter.JMeter: Version 2.11 r1554548 
2014/03/01 12:09:01 INFO  - jmeter.JMeter: java.version=1.7.0_51 
2014/03/01 12:09:01 INFO  - jmeter.JMeter: java.vm.name=Java HotSpot(TM) 64-Bit Server VM 
2014/03/01 12:09:01 INFO  - jmeter.JMeter: os.name=Linux 
2014/03/01 12:09:01 INFO  - jmeter.JMeter: os.arch=amd64 
2014/03/01 12:09:01 INFO  - jmeter.JMeter: os.version=3.11.0-17-generic 
2014/03/01 12:09:01 INFO  - jmeter.JMeter: file.encoding=UTF-8 
2014/03/01 12:09:01 INFO  - jmeter.JMeter: Default Locale=English (United States) 
2014/03/01 12:09:01 INFO  - jmeter.JMeter: JMeter  Locale=English (United States) 
2014/03/01 12:09:01 INFO  - jmeter.JMeter: JMeterHome=/home/andreas/opt/apache-jmeter/apache-jmeter-2.11 
2014/03/01 12:09:01 INFO  - jmeter.JMeter: user.dir  =/home/andreas/Quagilis/samples/zenoss-monitoring/performance 
2014/03/01 12:09:01 INFO  - jmeter.JMeter: PWD       =/home/andreas/Quagilis/samples/zenoss-monitoring/performance 
2014/03/01 12:09:01 INFO  - jmeter.JMeter: IP: 127.0.1.1 Name: saucy FullName: saucy 
2014/03/01 12:09:01 INFO  - jmeter.JMeter: Loaded icon properties from org/apache/jmeter/images/icon.properties 
2014/03/01 12:09:01 INFO  - jmeter.engine.util.CompoundVariable: Note: Function class names must contain the string: '.functions.' 
2014/03/01 12:09:01 INFO  - jmeter.engine.util.CompoundVariable: Note: Function class names must not contain the string: '.gui.' 
2014/03/01 12:09:02 INFO  - jmeter.gui.action.LookAndFeelCommand: Using look and feel: com.sun.java.swing.plaf.gtk.GTKLookAndFeel [GTK+, System] 
2014/03/01 12:09:02 INFO  - jmeter.JMeter: Loading file: simple.jmx 
2014/03/01 12:09:02 INFO  - jmeter.services.FileServer: Default base='/home/andreas/Quagilis/samples/zenoss-monitoring/performance' 
2014/03/01 12:09:02 INFO  - jmeter.services.FileServer: Set new base='/home/andreas/Quagilis/samples/zenoss-monitoring/performance' 
2014/03/01 12:09:02 INFO  - jmeter.util.BSFTestElement: Registering JMeter version of JavaScript engine as work-round for BSF-22 
2014/03/01 12:09:02 INFO  - jmeter.save.SaveService: Testplan (JMX) version: 2.2. Testlog (JTL) version: 2.2 
2014/03/01 12:09:02 INFO  - jmeter.save.SaveService: Using SaveService properties file encoding UTF-8 
2014/03/01 12:09:02 INFO  - jmeter.save.SaveService: Using SaveService properties version 2.6 
2014/03/01 12:09:02 INFO  - jmeter.save.SaveService: Using SaveService properties file version 1554411 
2014/03/01 12:09:02 INFO  - jmeter.save.SaveService: All converter versions present and correct 
2014/03/01 12:09:02 INFO  - jmeter.protocol.http.sampler.HTTPSamplerBase: Cannot find .className property for htmlParser, using default 
2014/03/01 12:09:02 INFO  - jmeter.protocol.http.sampler.HTTPSamplerBase: Parser for text/html is  
2014/03/01 12:09:02 INFO  - jmeter.protocol.http.sampler.HTTPSamplerBase: Parser for application/xhtml+xml is  
2014/03/01 12:09:02 INFO  - jmeter.protocol.http.sampler.HTTPSamplerBase: Parser for application/xml is  
2014/03/01 12:09:02 INFO  - jmeter.protocol.http.sampler.HTTPSamplerBase: Parser for text/xml is  
2014/03/01 12:09:02 INFO  - jmeter.protocol.http.sampler.HTTPSamplerBase: Parser for text/vnd.wap.wml is org.apache.jmeter.protocol.http.parser.RegexpHTMLParser 
2014/03/01 12:09:02 INFO  - jmeter.services.FileServer: Set new base='/home/andreas/Quagilis/samples/zenoss-monitoring/performance' 
2014/03/01 12:09:03 INFO  - jmeter.gui.util.MenuFactory: Skipping org.apache.jmeter.protocol.http.control.gui.WebServiceSamplerGui 
2014/03/01 12:09:03 INFO  - jmeter.gui.util.MenuFactory: Skipping org.apache.jmeter.protocol.http.modifier.gui.ParamModifierGui 
2014/03/01 12:09:03 INFO  - jorphan.exec.KeyToolUtils: keytool found at 'keytool' 
2014/03/01 12:09:03 INFO  - jmeter.protocol.http.proxy.ProxyControl: HTTP(S) Test Script Recorder SSL Proxy will use keys that support embedded 3rd party resources in file /home/andreas/opt/apache-jmeter/apache-jmeter-2.11/bin/proxyserver.jks 
2014/03/01 12:09:04 INFO  - jmeter.samplers.SampleResult: Note: Sample TimeStamps are START times 
2014/03/01 12:09:04 INFO  - jmeter.samplers.SampleResult: sampleresult.default.encoding is set to ISO-8859-1 
2014/03/01 12:09:04 INFO  - jmeter.samplers.SampleResult: sampleresult.useNanoTime=true 
2014/03/01 12:09:04 INFO  - jmeter.samplers.SampleResult: sampleresult.nanoThreadSleep=5000 
2014/03/01 12:09:10 INFO  - jmeter.gui.action.template.TemplateManager: Reading templates from:/home/andreas/opt/apache-jmeter/apache-jmeter-2.11/bin/templates/templates.xml 
2014/03/01 12:11:17 INFO  - jmeter.gui.action.What: TestElement:org.apache.jmeter.reporters.ResultCollector, guiClassName:org.apache.jmeter.visualizers.RespTimeGraphVisualizer 
2014/03/01 12:11:28 INFO  - jmeter.gui.action.What: TestElement:org.apache.jmeter.reporters.ResultCollector, guiClassName:org.apache.jmeter.visualizers.SummaryReport 
